2023.01.17 00:15:10 INFO  tracing is disabled for protocol LSP, to enable tracing of incoming and outgoing JSON messages create an empty file at /Users/knoldus/dependency/.metals/lsp.trace.json or /Users/knoldus/Library/Caches/org.scalameta.metals/lsp.trace.json
2023.01.17 00:15:11 INFO  logging to file /Users/knoldus/dependency/.metals/metals.log
2023.01.17 00:15:11 INFO  Started: Metals version 0.11.10 in workspace '/Users/knoldus/dependency' for client Visual Studio Code 1.68.0.
SLF4J: No SLF4J providers were found.
SLF4J: Defaulting to no-operation (NOP) logger implementation
SLF4J: See https://www.slf4j.org/codes.html#noProviders for further details.
SLF4J: Class path contains SLF4J bindings targeting slf4j-api versions 1.7.x or earlier.
SLF4J: Ignoring binding found at [jar:file:/Users/knoldus/Library/Caches/Coursier/v1/https/repo1.maven.org/maven2/com/outr/scribe-slf4j_2.13/3.10.5/scribe-slf4j_2.13-3.10.5.jar!/org/slf4j/impl/StaticLoggerBinder.class]
SLF4J: See https://www.slf4j.org/codes.html#ignoredBindings for an explanation.
2023.01.17 00:15:12 INFO  time: initialize in 1.25s
2023.01.17 00:15:14 WARN  Build server is not auto-connectable.
2023.01.17 00:15:14 WARN  no build target for: /Users/knoldus/dependency/www/app/lib/Permissions.scala
2023.01.17 00:15:17 INFO  no build target found for /Users/knoldus/dependency/www/app/lib/Permissions.scala. Using presentation compiler with project's scala-library version: 3.2.1
2023.01.17 00:15:18 INFO  time: code lens generation in 4.68s
2023.01.17 00:15:18 INFO  time: code lens generation in 4.68s
2023.01.17 00:15:31 WARN  no build target for: /Users/knoldus/dependency/build.sbt
2023.01.17 00:15:31 WARN  no build target for: /Users/knoldus/dependency/project/plugins.sbt
2023.01.17 00:15:31 INFO  skipping build import with status 'Dismissed'
2023.01.17 00:24:15 WARN  no build target for: /Users/knoldus/dependency/build.sbt
Jan 17, 2023 12:31:21 AM org.eclipse.lsp4j.jsonrpc.services.GenericEndpoint notify
INFO: Unsupported notification method: $/setTrace
2023.01.17 00:35:55 INFO  shutting down Metals
2023.02.03 18:54:46 INFO  tracing is disabled for protocol LSP, to enable tracing of incoming and outgoing JSON messages create an empty file at /Users/knoldus/dependency/.metals/lsp.trace.json or /Users/knoldus/Library/Caches/org.scalameta.metals/lsp.trace.json
2023.02.03 18:54:46 INFO  logging to file /Users/knoldus/dependency/.metals/metals.log
2023.02.03 18:54:46 INFO  Started: Metals version 0.11.10 in workspace '/Users/knoldus/dependency' for client Visual Studio Code 1.68.0.
SLF4J: No SLF4J providers were found.
SLF4J: Defaulting to no-operation (NOP) logger implementation
SLF4J: See https://www.slf4j.org/codes.html#noProviders for further details.
SLF4J: Class path contains SLF4J bindings targeting slf4j-api versions 1.7.x or earlier.
SLF4J: Ignoring binding found at [jar:file:/Users/knoldus/Library/Caches/Coursier/v1/https/repo1.maven.org/maven2/com/outr/scribe-slf4j_2.13/3.10.5/scribe-slf4j_2.13-3.10.5.jar!/org/slf4j/impl/StaticLoggerBinder.class]
SLF4J: See https://www.slf4j.org/codes.html#ignoredBindings for an explanation.
2023.02.03 18:54:47 INFO  time: initialize in 1.28s
2023.02.03 18:54:49 WARN  Build server is not auto-connectable.
2023.02.03 19:08:52 INFO  shutting down Metals
2023.02.20 19:38:34 INFO  tracing is disabled for protocol LSP, to enable tracing of incoming and outgoing JSON messages create an empty file at /Users/knoldus/dependency/.metals/lsp.trace.json or /Users/knoldus/Library/Caches/org.scalameta.metals/lsp.trace.json
2023.02.20 19:38:34 INFO  logging to file /Users/knoldus/dependency/.metals/metals.log
2023.02.20 19:38:34 INFO  Started: Metals version 0.11.10 in workspace '/Users/knoldus/dependency' for client Visual Studio Code 1.68.0.
SLF4J: No SLF4J providers were found.
SLF4J: Defaulting to no-operation (NOP) logger implementation
SLF4J: See https://www.slf4j.org/codes.html#noProviders for further details.
SLF4J: Class path contains SLF4J bindings targeting slf4j-api versions 1.7.x or earlier.
SLF4J: Ignoring binding found at [jar:file:/Users/knoldus/Library/Caches/Coursier/v1/https/repo1.maven.org/maven2/com/outr/scribe-slf4j_2.13/3.10.5/scribe-slf4j_2.13-3.10.5.jar!/org/slf4j/impl/StaticLoggerBinder.class]
SLF4J: See https://www.slf4j.org/codes.html#ignoredBindings for an explanation.
2023.02.20 19:38:36 INFO  time: initialize in 1.35s
2023.02.20 19:38:37 WARN  Build server is not auto-connectable.
2023.02.20 19:38:52 WARN  no build target for: /Users/knoldus/dependency/build.sbt
2023.02.20 19:38:52 WARN  no build target for: /Users/knoldus/dependency/project/plugins.sbt
2023.02.20 19:38:52 INFO  skipping build import with status 'Dismissed'
2023.02.20 19:38:55 INFO  no build target found for /Users/knoldus/dependency/project/plugins.sbt. Using presentation compiler with project's scala-library version: 3.2.1
2023.02.20 19:39:02 WARN  no build target for: /Users/knoldus/dependency/build.sbt
2023.02.20 19:39:02 WARN  no build target for: /Users/knoldus/dependency/project/plugins.sbt
2023.02.20 19:39:02 INFO  skipping build import with status 'Dismissed'
2023.02.20 19:43:04 INFO  shutting down Metals
